\BOOKMARK [1][-]{section.1}{\376\377\230\171\166\356\151\202\217\360}{}% 1
\BOOKMARK [2][-]{subsection.1.1}{\376\377\230\171\166\356\200\314\146\157}{section.1}% 2
\BOOKMARK [2][-]{subsection.1.2}{\376\377\230\171\166\356\166\356\150\007}{section.1}% 3
\BOOKMARK [2][-]{subsection.1.3}{\376\377\137\000\123\321\163\257\130\203}{section.1}% 4
\BOOKMARK [1][-]{section.2}{\376\377\145\260\145\347\147\266\147\204\133\371\153\324}{}% 5
\BOOKMARK [1][-]{section.3}{\376\377\142\200\147\057\147\266\147\204}{}% 6
\BOOKMARK [2][-]{subsection.3.1}{\376\377\145\164\117\123\147\266\147\204}{section.3}% 7
\BOOKMARK [2][-]{subsection.3.2}{\376\377\220\017\146\016\172\227\123\343\133\236\163\260}{section.3}% 8
\BOOKMARK [2][-]{subsection.3.3}{\376\377\152\041\127\213\156\062\147\323\173\241\176\277}{section.3}% 9
\BOOKMARK [2][-]{subsection.3.4}{\376\377\217\333\172\013\225\364\220\032\117\341\377\010\123\357\220\011\377\011}{section.3}% 10
\BOOKMARK [1][-]{section.4}{\376\377\121\163\225\056\201\032\147\054\213\276\213\241}{}% 11
\BOOKMARK [2][-]{subsection.4.1}{\376\377\000D\000e\000s\000k\000t\000o\000p\000P\000e\000t\000.\000c\000s\000\040\040\024\000\040\133\240\162\151\116\073\143\247}{section.4}% 12
\BOOKMARK [2][-]{subsection.4.2}{\376\377\000D\000r\000a\000g\000H\000a\000n\000d\000l\000e\000r\000.\000c\000s\000\040\040\024\000\040\142\326\142\375\116\244\116\222}{section.4}% 13
\BOOKMARK [2][-]{subsection.4.3}{\376\377\000W\000i\000n\000d\000o\000w\000O\000v\000e\000r\000l\000a\000y\000.\000c\000s\000\040\040\024\000\040\220\017\146\016\172\227\123\343\173\241\164\006}{section.4}% 14
\BOOKMARK [2][-]{subsection.4.4}{\376\377\000T\000o\000u\000c\000h\000C\000o\000n\000t\000r\000o\000l\000l\000e\000r\000.\000c\000s\000\040\040\024\000\040\160\271\121\373\123\315\231\210}{section.4}% 15
\BOOKMARK [1][-]{section.5}{\376\377\133\236\145\275\215\357\176\277}{}% 16
\BOOKMARK [2][-]{subsection.5.1}{\376\377\173\054\116\000\226\066\153\265\377\032\163\257\130\203\144\055\136\372\377\010\173\054\000\040\0001\000\040\131\051\377\011}{section.5}% 17
\BOOKMARK [2][-]{subsection.5.2}{\376\377\173\054\116\214\226\066\153\265\377\032\152\041\127\213\133\374\121\145\377\010\173\054\000\040\0002\040\023\0003\000\040\131\051\377\011}{section.5}% 18
\BOOKMARK [2][-]{subsection.5.3}{\376\377\173\054\116\011\226\066\153\265\377\032\116\244\116\222\133\236\163\260\377\010\173\054\000\040\0004\040\023\0006\000\040\131\051\377\011}{section.5}% 19
\BOOKMARK [2][-]{subsection.5.4}{\376\377\173\054\126\333\226\066\153\265\377\032\226\306\142\020\116\016\117\030\123\026\377\010\173\054\000\040\0007\040\023\0001\0000\000\040\131\051\377\011}{section.5}% 20
\BOOKMARK [1][-]{section.6}{\376\377\152\041\127\213\203\267\123\326\145\271\150\110}{}% 21
\BOOKMARK [1][-]{section.7}{\376\377\000L\000i\000v\000e\0002\000D\000\040\217\307\156\041\230\204\165\131}{}% 22
\BOOKMARK [1][-]{section.8}{\376\377\166\356\137\125\176\323\147\204\211\304\122\022}{}% 23
